# JRE version: OpenJDK Runtime Environment (8.0_152) (build 1.8.0_152-release-1343-b16-5323222)
# Java VM: OpenJDK 64-Bit Server VM (25.152-b16-5323222 mixed mode linux-amd64 compressed oops)
Heap:
 PSYoungGen      total 212992K, used 14824K [0x00000000e0000000, 0x00000000ede80000, 0x0000000100000000)
  eden space 198144K, 0% used [0x00000000e0000000,0x00000000e0000000,0x00000000ec180000)
  from space 14848K, 99% used [0x00000000ec180000,0x00000000ecffa370,0x00000000ed000000)
  to   space 13824K, 0% used [0x00000000ed100000,0x00000000ed100000,0x00000000ede80000)
 ParOldGen       total 93696K, used 22363K [0x00000000a0000000, 0x00000000a5b80000, 0x00000000e0000000)
  object space 93696K, 23% used [0x00000000a0000000,0x00000000a15d6f90,0x00000000a5b80000)
 Metaspace       used 48064K, capacity 49022K, committed 49240K, reserved 1091584K
  class space    used 6472K, capacity 6774K, committed 6784K, reserved 1048576K
GC Heap History (10 events):
Event: 3.078 GC heap after
Heap after GC invocations=4 (full 0):
 PSYoungGen      total 130048K, used 5088K [0x00000000e0000000, 0x00000000e8400000, 0x0000000100000000)
  eden space 124928K, 0% used [0x00000000e0000000,0x00000000e0000000,0x00000000e7a00000)
  from space 5120K, 99% used [0x00000000e7f00000,0x00000000e83f8060,0x00000000e8400000)
  to   space 5120K, 0% used [0x00000000e7a00000,0x00000000e7a00000,0x00000000e7f00000)
 ParOldGen       total 83456K, used 9031K [0x00000000a0000000, 0x00000000a5180000, 0x00000000e0000000)
  object space 83456K, 10% used [0x00000000a0000000,0x00000000a08d1cd8,0x00000000a5180000)
 Metaspace       used 20720K, capacity 21082K, committed 21248K, reserved 1067008K
  class space    used 2911K, capacity 3039K, committed 3072K, reserved 1048576K
}
Event: 3.078 GC heap before
{Heap before GC invocations=5 (full 1):
 PSYoungGen      total 130048K, used 5088K [0x00000000e0000000, 0x00000000e8400000, 0x0000000100000000)
  eden space 124928K, 0% used [0x00000000e0000000,0x00000000e0000000,0x00000000e7a00000)
  from space 5120K, 99% used [0x00000000e7f00000,0x00000000e83f8060,0x00000000e8400000)
  to   space 5120K, 0% used [0x00000000e7a00000,0x00000000e7a00000,0x00000000e7f00000)
 ParOldGen       total 83456K, used 9031K [0x00000000a0000000, 0x00000000a5180000, 0x00000000e0000000)
  object space 83456K, 10% used [0x00000000a0000000,0x00000000a08d1cd8,0x00000000a5180000)
 Metaspace       used 20720K, capacity 21082K, committed 21248K, reserved 1067008K
  class space    used 2911K, capacity 3039K, committed 3072K, reserved 1048576K
Event: 3.107 GC heap after
Heap after GC invocations=5 (full 1):
 PSYoungGen      total 130048K, used 0K [0x00000000e0000000, 0x00000000e8400000, 0x0000000100000000)
  eden space 124928K, 0% used [0x00000000e0000000,0x00000000e0000000,0x00000000e7a00000)
  from space 5120K, 0% used [0x00000000e7f00000,0x00000000e7f00000,0x00000000e8400000)
  to   space 5120K, 0% used [0x00000000e7a00000,0x00000000e7a00000,0x00000000e7f00000)
 ParOldGen       total 59392K, used 9014K [0x00000000a0000000, 0x00000000a3a00000, 0x00000000e0000000)
  object space 59392K, 15% used [0x00000000a0000000,0x00000000a08cdae8,0x00000000a3a00000)
 Metaspace       used 20720K, capacity 21082K, committed 21248K, reserved 1067008K
  class space    used 2911K, capacity 3039K, committed 3072K, reserved 1048576K
}
Event: 4.640 GC heap before
{Heap before GC invocations=6 (full 1):
 PSYoungGen      total 130048K, used 124928K [0x00000000e0000000, 0x00000000e8400000, 0x0000000100000000)
  eden space 124928K, 100% used [0x00000000e0000000,0x00000000e7a00000,0x00000000e7a00000)
  from space 5120K, 0% used [0x00000000e7f00000,0x00000000e7f00000,0x00000000e8400000)
  to   space 5120K, 0% used [0x00000000e7a00000,0x00000000e7a00000,0x00000000e7f00000)
 ParOldGen       total 59392K, used 9014K [0x00000000a0000000, 0x00000000a3a00000, 0x00000000e0000000)
  object space 59392K, 15% used [0x00000000a0000000,0x00000000a08cdae8,0x00000000a3a00000)
 Metaspace       used 29327K, capacity 29802K, committed 30208K, reserved 1075200K
  class space    used 4097K, capacity 4250K, committed 4352K, reserved 1048576K
Event: 4.664 GC heap after
Heap after GC invocations=6 (full 1):
 PSYoungGen      total 130048K, used 5104K [0x00000000e0000000, 0x00000000edf00000, 0x0000000100000000)
  eden space 124928K, 0% used [0x00000000e0000000,0x00000000e0000000,0x00000000e7a00000)
  from space 5120K, 99% used [0x00000000e7a00000,0x00000000e7efc010,0x00000000e7f00000)
  to   space 14336K, 0% used [0x00000000ed100000,0x00000000ed100000,0x00000000edf00000)
 ParOldGen       total 59392K, used 15868K [0x00000000a0000000, 0x00000000a3a00000, 0x00000000e0000000)
  object space 59392K, 26% used [0x00000000a0000000,0x00000000a0f7f2d0,0x00000000a3a00000)
 Metaspace       used 29327K, capacity 29802K, committed 30208K, reserved 1075200K
  class space    used 4097K, capacity 4250K, committed 4352K, reserved 1048576K
}
Event: 5.756 GC heap before
{Heap before GC invocations=7 (full 1):
 PSYoungGen      total 130048K, used 48051K [0x00000000e0000000, 0x00000000edf00000, 0x0000000100000000)
  eden space 124928K, 34% used [0x00000000e0000000,0x00000000e29f0ca0,0x00000000e7a00000)
  from space 5120K, 99% used [0x00000000e7a00000,0x00000000e7efc010,0x00000000e7f00000)
  to   space 14336K, 0% used [0x00000000ed100000,0x00000000ed100000,0x00000000edf00000)
 ParOldGen       total 59392K, used 15868K [0x00000000a0000000, 0x00000000a3a00000, 0x00000000e0000000)
  object space 59392K, 26% used [0x00000000a0000000,0x00000000a0f7f2d0,0x00000000a3a00000)
 Metaspace       used 34755K, capacity 35256K, committed 35416K, reserved 1079296K
  class space    used 4804K, capacity 4966K, committed 4992K, reserved 1048576K
Event: 5.768 GC heap after
Heap after GC invocations=7 (full 1):
 PSYoungGen      total 211968K, used 10348K [0x00000000e0000000, 0x00000000ede80000, 0x0000000100000000)
  eden space 198144K, 0% used [0x00000000e0000000,0x00000000e0000000,0x00000000ec180000)
  from space 13824K, 74% used [0x00000000ed100000,0x00000000edb1b328,0x00000000ede80000)
  to   space 14848K, 0% used [0x00000000ec180000,0x00000000ec180000,0x00000000ed000000)
 ParOldGen       total 59392K, used 15876K [0x00000000a0000000, 0x00000000a3a00000, 0x00000000e0000000)
  object space 59392K, 26% used [0x00000000a0000000,0x00000000a0f812d0,0x00000000a3a00000)
 Metaspace       used 34755K, capacity 35256K, committed 35416K, reserved 1079296K
  class space    used 4804K, capacity 4966K, committed 4992K, reserved 1048576K
}
Event: 5.776 GC heap before
{Heap before GC invocations=8 (full 2):
 PSYoungGen      total 211968K, used 10348K [0x00000000e0000000, 0x00000000ede80000, 0x0000000100000000)
  eden space 198144K, 0% used [0x00000000e0000000,0x00000000e0000000,0x00000000ec180000)
  from space 13824K, 74% used [0x00000000ed100000,0x00000000edb1b328,0x00000000ede80000)
  to   space 14848K, 0% used [0x00000000ec180000,0x00000000ec180000,0x00000000ed000000)
 ParOldGen       total 59392K, used 15876K [0x00000000a0000000, 0x00000000a3a00000, 0x00000000e0000000)
  object space 59392K, 26% used [0x00000000a0000000,0x00000000a0f812d0,0x00000000a3a00000)
 Metaspace       used 34755K, capacity 35256K, committed 35416K, reserved 1079296K
  class space    used 4804K, capacity 4966K, committed 4992K, reserved 1048576K
Event: 5.840 GC heap after
Heap after GC invocations=8 (full 2):
 PSYoungGen      total 211968K, used 0K [0x00000000e0000000, 0x00000000ede80000, 0x0000000100000000)
  eden space 198144K, 0% used [0x00000000e0000000,0x00000000e0000000,0x00000000ec180000)
  from space 13824K, 0% used [0x00000000ed100000,0x00000000ed100000,0x00000000ede80000)
  to   space 14848K, 0% used [0x00000000ec180000,0x00000000ec180000,0x00000000ed000000)
 ParOldGen       total 93696K, used 17122K [0x00000000a0000000, 0x00000000a5b80000, 0x00000000e0000000)
  object space 93696K, 18% used [0x00000000a0000000,0x00000000a10b8b80,0x00000000a5b80000)
 Metaspace       used 34755K, capacity 35256K, committed 35416K, reserved 1079296K
  class space    used 4804K, capacity 4966K, committed 4992K, reserved 1048576K
}
Event: 8.462 GC heap before
{Heap before GC invocations=9 (full 2):
 PSYoungGen      total 211968K, used 198144K [0x00000000e0000000, 0x00000000ede80000, 0x0000000100000000)
  eden space 198144K, 100% used [0x00000000e0000000,0x00000000ec180000,0x00000000ec180000)
  from space 13824K, 0% used [0x00000000ed100000,0x00000000ed100000,0x00000000ede80000)
  to   space 14848K, 0% used [0x00000000ec180000,0x00000000ec180000,0x00000000ed000000)
 ParOldGen       total 93696K, used 17122K [0x00000000a0000000, 0x00000000a5b80000, 0x00000000e0000000)
  object space 93696K, 18% used [0x00000000a0000000,0x00000000a10b8b80,0x00000000a5b80000)
 Metaspace       used 48064K, capacity 49022K, committed 49240K, reserved 1091584K
  class space    used 6472K, capacity 6774K, committed 6784K, reserved 1048576K

